<?xml version="1.0" encoding="UTF-8"?>
<!-- Generated by org.testng.reporters.JUnitReportReporter -->
<testsuite skipped="0" hostname="DESKTOP-8B12ALE" name="com.inetbanking.utilities.ExtentReport" tests="1" failures="0" timestamp="23 Jan 2019 12:23:58 GMT" time="9.849" errors="0">
  <testcase name="extentReportsDemo" time="9.849" classname="com.inetbanking.utilities.ExtentReport"/>
</testsuite> <!-- com.inetbanking.utilities.ExtentReport -->
