<?xml version="1.0" encoding="UTF-8"?>
<!-- Generated by org.testng.reporters.JUnitReportReporter -->
<testsuite skipped="0" hostname="DESKTOP-8B12ALE" name="com.inetbanking.testcases.Tc_login_001" tests="1" failures="0" timestamp="29 Dec 2018 00:50:23 GMT" time="11.608" errors="0">
  <testcase name="logintest" time="11.608" classname="com.inetbanking.testcases.Tc_login_001"/>
</testsuite> <!-- com.inetbanking.testcases.Tc_login_001 -->
