<?xml version="1.0" encoding="UTF-8"?>
<!-- Generated by org.testng.reporters.JUnitReportReporter -->
<testsuite hostname="DESKTOP-8B12ALE" failures="0" tests="1" name="com.inetbanking.testcases.Tc_login_001" time="9.299" errors="0" timestamp="09 Nov 2018 10:57:51 GMT" skipped="0">
  <testcase classname="com.inetbanking.testcases.Tc_login_001" name="logintest" time="9.299"/>
</testsuite> <!-- com.inetbanking.testcases.Tc_login_001 -->
