<?xml version="1.0" encoding="UTF-8"?>
<!-- Generated by org.testng.reporters.JUnitReportReporter -->
<testsuite hostname="DESKTOP-8B12ALE" failures="0" tests="1" name="com.inetbanking.utilities.ExtentReport" time="6.755" errors="0" timestamp="09 Nov 2018 00:57:34 GMT" skipped="0">
  <testcase classname="com.inetbanking.utilities.ExtentReport" name="extentReportsDemo" time="6.755"/>
</testsuite> <!-- com.inetbanking.utilities.ExtentReport -->
